Build started 10/1/2015 6:31:54 PM.
     1>Project "D:\programowanie\Programowanie C++\programy_C++\Konsolowe\Rekurencja\Rekurencja\Rekurencja.vcxproj" on node 2 (build target(s)).
     1>PrepareForBuild:
         Creating directory "D:\programowanie\Programowanie C++\programy_C++\Konsolowe\Rekurencja\Debug\".
       InitializeBuildStatus:
         Creating "Debug\Rekurencja.unsuccessfulbuild" because "AlwaysCreate" was specified.
       ClCompile:
         D:\Programowanie C++\Visual_Studio_2010\VC\bin\CL.exe /c /ZI /nologo /W3 /WX- /Od /Oy- /D _MBCS /Gm /EHsc /RTC1 /MDd /GS /fp:precise /Zc:wchar_t /Zc:forScope /Fo"Debug\\" /Fd"Debug\vc100.pdb" /Gd /TP /analyze- /errorReport:prompt rekurencja.cpp
         rekurencja.cpp
       Link:
         D:\Programowanie C++\Visual_Studio_2010\VC\bin\link.exe /ERRORREPORT:PROMPT /OUT:"D:\programowanie\Programowanie C++\programy_C++\Konsolowe\Rekurencja\Debug\Rekurencja.exe" /NOLOGO kernel32.lib user32.lib gdi32.lib winspool.lib comdlg32.lib advapi32.lib shell32.lib ole32.lib oleaut32.lib uuid.lib odbc32.lib odbccp32.lib /MANIFEST /ManifestFile:"Debug\Rekurencja.exe.intermediate.manifest" /MANIFESTUAC:"level='asInvoker' uiAccess='false'" /DEBUG /PDB:"D:\programowanie\Programowanie C++\programy_C++\Konsolowe\Rekurencja\Debug\Rekurencja.pdb" /TLBID:1 /DYNAMICBASE /NXCOMPAT /IMPLIB:"D:\programowanie\Programowanie C++\programy_C++\Konsolowe\Rekurencja\Debug\Rekurencja.lib" /MACHINE:X86 Debug\rekurencja.obj
         Rekurencja.vcxproj -> D:\programowanie\Programowanie C++\programy_C++\Konsolowe\Rekurencja\Debug\Rekurencja.exe
       Manifest:
         C:\Program Files (x86)\Microsoft SDKs\Windows\v7.0A\bin\mt.exe /nologo /verbose /outputresource:"D:\programowanie\Programowanie C++\programy_C++\Konsolowe\Rekurencja\Debug\Rekurencja.exe;#1" /manifest Debug\Rekurencja.exe.intermediate.manifest
       FinalizeBuildStatus:
         Deleting file "Debug\Rekurencja.unsuccessfulbuild".
         Touching "Debug\Rekurencja.lastbuildstate".
     1>Done Building Project "D:\programowanie\Programowanie C++\programy_C++\Konsolowe\Rekurencja\Rekurencja\Rekurencja.vcxproj" (build target(s)).

Build succeeded.

Time Elapsed 00:00:14.33
